Using pre-set license
Built from '2020.3/staging' branch; Version is '2020.3.3f1 (76626098c1c4) revision 7758432'; Using compiler version '192528614'; Build Type 'Release'
OS: 'Windows 10 Pro; OS build 22621.1105; Version 2009; 64bit' Language: 'pt' Physical Memory: 16228 MB
BatchMode: 1, IsHumanControllingUs: 0, StartBugReporterOnCrash: 0, Is64bit: 1, IsPro: 0

 COMMAND LINE ARGUMENTS:
C:\Program Files\Unity\Hub\Editor\2020.3.0f1\Editor\Unity.exe
-adb2
-batchMode
-noUpm
-name
AssetImportWorker0
-projectPath
D:/Projetos/Estudando Unity/CursoMeuPrimeiroRPG
-logFile
Logs/AssetImportWorker0.log
-srvPort
49965
Successfully changed project path to: D:/Projetos/Estudando Unity/CursoMeuPrimeiroRPG
D:/Projetos/Estudando Unity/CursoMeuPrimeiroRPG
Using Asset Import Pipeline V2.
Refreshing native plugins compatible for Editor in 42.95 ms, found 1 plugins.
Preloading 0 native plugins for Editor in 0.00 ms.
Initialize engine version: 2020.3.3f1 (76626098c1c4)
[Subsystems] Discovering subsystems at path C:/Program Files/Unity/Hub/Editor/2020.3.0f1/Editor/Data/Resources/UnitySubsystems
[Subsystems] Discovering subsystems at path D:/Projetos/Estudando Unity/CursoMeuPrimeiroRPG/Assets
GfxDevice: creating device client; threaded=0
Direct3D:
    Version:  Direct3D 11.0 [level 11.1]
    Renderer: NVIDIA GeForce GTX 1050 Ti (ID=0x1c8c)
    Vendor:   
    VRAM:     4017 MB
    Driver:   31.0.15.2802
Initialize mono
Mono path[0] = 'C:/Program Files/Unity/Hub/Editor/2020.3.0f1/Editor/Data/Managed'
Mono path[1] = 'C:/Program Files/Unity/Hub/Editor/2020.3.0f1/Editor/Data/MonoBleedingEdge/lib/mono/unityjit'
Mono config path = 'C:/Program Files/Unity/Hub/Editor/2020.3.0f1/Editor/Data/MonoBleedingEdge/etc'
Using monoOptions --debugger-agent=transport=dt_socket,embedding=1,server=y,suspend=n,address=127.0.0.1:56180
Begin MonoManager ReloadAssembly
Registering precompiled unity dll's ...
Register platform support module: C:/Program Files/Unity/Hub/Editor/2020.3.0f1/Editor/Data/PlaybackEngines/WindowsStandaloneSupport/UnityEditor.WindowsStandalone.Extensions.dll
Registered in 0.001563 seconds.
Native extension for WindowsStandalone target not found
Refreshing native plugins compatible for Editor in 41.56 ms, found 1 plugins.
Preloading 0 native plugins for Editor in 0.00 ms.
Invoked RoslynAnalysisRunner static constructor.
RoslynAnalysisRunner will not be running.
RoslynAnalysisRunner has terminated.
Mono: successfully reloaded assembly
- Completed reload, in  1.023 seconds
Platform modules already initialized, skipping
Registering precompiled user dll's ...
Registered in 0.000989 seconds.
Begin MonoManager ReloadAssembly
Native extension for WindowsStandalone target not found
Refreshing native plugins compatible for Editor in 41.30 ms, found 1 plugins.
Preloading 0 native plugins for Editor in 0.00 ms.
Invoked RoslynAnalysisRunner static constructor.
RoslynAnalysisRunner will not be running.
RoslynAnalysisRunner has terminated.
Mono: successfully reloaded assembly
- Completed reload, in  0.931 seconds
Platform modules already initialized, skipping
========================================================================
Worker process is ready to serve import requests
Launched and connected shader compiler UnityShaderCompiler.exe after 0.05 seconds
Refreshing native plugins compatible for Editor in 0.46 ms, found 1 plugins.
Preloading 0 native plugins for Editor in 0.00 ms.
Unloading 1966 Unused Serialized files (Serialized files now loaded: 0)
System memory in use before: 90.5 MB.
System memory in use after: 90.5 MB.

Unloading 25 unused Assets to reduce memory usage. Loaded Objects now: 2409.
Total: 2.041600 ms (FindLiveObjects: 0.168300 ms CreateObjectMapping: 0.068900 ms MarkObjects: 1.687100 ms  DeleteObjects: 0.116200 ms)

========================================================================
Received Import Request.
  path: Assets/Prefabs/Trees/Tree 1.prefab
  artifactKey: Guid(bfeca167c5c0fd643b792689158055e6) Importer(815301076,1909f56bfc062723c751e8b465ee728b)
Start importing Assets/Prefabs/Trees/Tree 1.prefab using Guid(bfeca167c5c0fd643b792689158055e6) Importer(815301076,1909f56bfc062723c751e8b465ee728b)  -> (artifact id: '3f56a753cd4fc049169f56d605b80eb8') in 0.112063 seconds
  Import took 0.115528 seconds .

========================================================================
Received Import Request.
  Time since last request: 41.744993 seconds.
  path: Assets/Prefabs/Trees/Tree 1.prefab
  artifactKey: Guid(bfeca167c5c0fd643b792689158055e6) Importer(815301076,1909f56bfc062723c751e8b465ee728b)
Start importing Assets/Prefabs/Trees/Tree 1.prefab using Guid(bfeca167c5c0fd643b792689158055e6) Importer(815301076,1909f56bfc062723c751e8b465ee728b)  -> (artifact id: '85c5bdbe6e7da372ebb12f4bad92646e') in 0.006787 seconds
  Import took 0.010248 seconds .

========================================================================
Received Import Request.
  Time since last request: 24.406518 seconds.
  path: Assets/Prefabs/Trees/Tree 1.prefab
  artifactKey: Guid(bfeca167c5c0fd643b792689158055e6) Importer(815301076,1909f56bfc062723c751e8b465ee728b)
Start importing Assets/Prefabs/Trees/Tree 1.prefab using Guid(bfeca167c5c0fd643b792689158055e6) Importer(815301076,1909f56bfc062723c751e8b465ee728b)  -> (artifact id: '438dd85f7105f9b6030b958bcf4cdbb4') in 0.040859 seconds
  Import took 0.044102 seconds .

========================================================================
Received Import Request.
  Time since last request: 41.278279 seconds.
  path: Assets/Prefabs/Trees/Tree 1.prefab
  artifactKey: Guid(bfeca167c5c0fd643b792689158055e6) Importer(815301076,1909f56bfc062723c751e8b465ee728b)
Start importing Assets/Prefabs/Trees/Tree 1.prefab using Guid(bfeca167c5c0fd643b792689158055e6) Importer(815301076,1909f56bfc062723c751e8b465ee728b)  -> (artifact id: 'f6afee88549f2fb4290f52d2c2f215c3') in 0.011236 seconds
  Import took 0.014485 seconds .

========================================================================
Received Import Request.
  Time since last request: 0.008123 seconds.
  path: Assets/Prefabs/Trees/Tree 1.prefab
  artifactKey: Guid(bfeca167c5c0fd643b792689158055e6) Importer(815301076,1909f56bfc062723c751e8b465ee728b)
Start importing Assets/Prefabs/Trees/Tree 1.prefab using Guid(bfeca167c5c0fd643b792689158055e6) Importer(815301076,1909f56bfc062723c751e8b465ee728b)  -> (artifact id: 'f6afee88549f2fb4290f52d2c2f215c3') in 0.009616 seconds
  Import took 0.012790 seconds .

========================================================================
Received Import Request.
  Time since last request: 1.771433 seconds.
  path: Assets/Prefabs/Trees/Tree 1.prefab
  artifactKey: Guid(bfeca167c5c0fd643b792689158055e6) Importer(815301076,1909f56bfc062723c751e8b465ee728b)
Start importing Assets/Prefabs/Trees/Tree 1.prefab using Guid(bfeca167c5c0fd643b792689158055e6) Importer(815301076,1909f56bfc062723c751e8b465ee728b)  -> (artifact id: '735d6ce8f65bbdfc77498664fd63ea8b') in 0.009432 seconds
  Import took 0.012523 seconds .

========================================================================
Received Import Request.
  Time since last request: 0.008607 seconds.
  path: Assets/Prefabs/Trees/Tree 1.prefab
  artifactKey: Guid(bfeca167c5c0fd643b792689158055e6) Importer(815301076,1909f56bfc062723c751e8b465ee728b)
Start importing Assets/Prefabs/Trees/Tree 1.prefab using Guid(bfeca167c5c0fd643b792689158055e6) Importer(815301076,1909f56bfc062723c751e8b465ee728b)  -> (artifact id: '735d6ce8f65bbdfc77498664fd63ea8b') in 0.009676 seconds
  Import took 0.012778 seconds .

========================================================================
Received Import Request.
  Time since last request: 4.599813 seconds.
  path: Assets/Prefabs/Trees/Tree 1.prefab
  artifactKey: Guid(bfeca167c5c0fd643b792689158055e6) Importer(815301076,1909f56bfc062723c751e8b465ee728b)
Start importing Assets/Prefabs/Trees/Tree 1.prefab using Guid(bfeca167c5c0fd643b792689158055e6) Importer(815301076,1909f56bfc062723c751e8b465ee728b)  -> (artifact id: 'ee39d587ed637d3b029be6c268ba13a5') in 0.009810 seconds
  Import took 0.013115 seconds .

========================================================================
Received Import Request.
  Time since last request: 0.005363 seconds.
  path: Assets/Prefabs/Trees/Tree 1.prefab
  artifactKey: Guid(bfeca167c5c0fd643b792689158055e6) Importer(815301076,1909f56bfc062723c751e8b465ee728b)
Start importing Assets/Prefabs/Trees/Tree 1.prefab using Guid(bfeca167c5c0fd643b792689158055e6) Importer(815301076,1909f56bfc062723c751e8b465ee728b)  -> (artifact id: 'ee39d587ed637d3b029be6c268ba13a5') in 0.009924 seconds
  Import took 0.013609 seconds .

========================================================================
Received Import Request.
  Time since last request: 1.773461 seconds.
  path: Assets/Prefabs/Trees/Tree 1.prefab
  artifactKey: Guid(bfeca167c5c0fd643b792689158055e6) Importer(815301076,1909f56bfc062723c751e8b465ee728b)
Start importing Assets/Prefabs/Trees/Tree 1.prefab using Guid(bfeca167c5c0fd643b792689158055e6) Importer(815301076,1909f56bfc062723c751e8b465ee728b)  -> (artifact id: '90b491a97c787242f45e420ae1886d6e') in 0.010441 seconds
  Import took 0.013913 seconds .

========================================================================
Received Import Request.
  Time since last request: 0.005237 seconds.
  path: Assets/Prefabs/Trees/Tree 1.prefab
  artifactKey: Guid(bfeca167c5c0fd643b792689158055e6) Importer(815301076,1909f56bfc062723c751e8b465ee728b)
Start importing Assets/Prefabs/Trees/Tree 1.prefab using Guid(bfeca167c5c0fd643b792689158055e6) Importer(815301076,1909f56bfc062723c751e8b465ee728b)  -> (artifact id: '90b491a97c787242f45e420ae1886d6e') in 0.011576 seconds
  Import took 0.015290 seconds .

========================================================================
Received Import Request.
  Time since last request: 74.522214 seconds.
  path: Assets/Prefabs/Trees/Tree 1.prefab
  artifactKey: Guid(bfeca167c5c0fd643b792689158055e6) Importer(815301076,1909f56bfc062723c751e8b465ee728b)
Start importing Assets/Prefabs/Trees/Tree 1.prefab using Guid(bfeca167c5c0fd643b792689158055e6) Importer(815301076,1909f56bfc062723c751e8b465ee728b)  -> (artifact id: '31c195d036d7ee1c730ec939e2e75b04') in 0.010207 seconds
  Import took 0.013695 seconds .

========================================================================
Received Import Request.
  Time since last request: 2.808585 seconds.
  path: Assets/Prefabs/Trees/Tree 1.prefab
  artifactKey: Guid(bfeca167c5c0fd643b792689158055e6) Importer(815301076,1909f56bfc062723c751e8b465ee728b)
Start importing Assets/Prefabs/Trees/Tree 1.prefab using Guid(bfeca167c5c0fd643b792689158055e6) Importer(815301076,1909f56bfc062723c751e8b465ee728b)  -> (artifact id: 'de04a3b023e9b4548d8407905c12bde2') in 0.009679 seconds
  Import took 0.014506 seconds .

========================================================================
Received Import Request.
  Time since last request: 2.000677 seconds.
  path: Assets/Prefabs/Trees/Tree 1.prefab
  artifactKey: Guid(bfeca167c5c0fd643b792689158055e6) Importer(815301076,1909f56bfc062723c751e8b465ee728b)
Start importing Assets/Prefabs/Trees/Tree 1.prefab using Guid(bfeca167c5c0fd643b792689158055e6) Importer(815301076,1909f56bfc062723c751e8b465ee728b)  -> (artifact id: 'dbb231ddb18dc5f7fb396cbc12d9ecc4') in 0.009852 seconds
  Import took 0.012991 seconds .

========================================================================
Received Import Request.
  Time since last request: 1.408348 seconds.
  path: Assets/Prefabs/Trees/Tree 1.prefab
  artifactKey: Guid(bfeca167c5c0fd643b792689158055e6) Importer(815301076,1909f56bfc062723c751e8b465ee728b)
Start importing Assets/Prefabs/Trees/Tree 1.prefab using Guid(bfeca167c5c0fd643b792689158055e6) Importer(815301076,1909f56bfc062723c751e8b465ee728b)  -> (artifact id: '28473486137bff4a591a0c4c9e6379ac') in 0.011830 seconds
  Import took 0.015047 seconds .

========================================================================
Received Import Request.
  Time since last request: 1.796668 seconds.
  path: Assets/Prefabs/Trees/Tree 1.prefab
  artifactKey: Guid(bfeca167c5c0fd643b792689158055e6) Importer(815301076,1909f56bfc062723c751e8b465ee728b)
Start importing Assets/Prefabs/Trees/Tree 1.prefab using Guid(bfeca167c5c0fd643b792689158055e6) Importer(815301076,1909f56bfc062723c751e8b465ee728b)  -> (artifact id: 'ae819c24ff667f7fa8968c5ee3cf09a9') in 0.009898 seconds
  Import took 0.013269 seconds .

========================================================================
Received Import Request.
  Time since last request: 10.683736 seconds.
  path: Assets/Prefabs/Trees/Tree 1.prefab
  artifactKey: Guid(bfeca167c5c0fd643b792689158055e6) Importer(815301076,1909f56bfc062723c751e8b465ee728b)
Start importing Assets/Prefabs/Trees/Tree 1.prefab using Guid(bfeca167c5c0fd643b792689158055e6) Importer(815301076,1909f56bfc062723c751e8b465ee728b)  -> (artifact id: 'a8687e5f8bb3787e564b3f53a1d012a1') in 0.016040 seconds
  Import took 0.019150 seconds .

========================================================================
Received Import Request.
  Time since last request: 6.845283 seconds.
  path: Assets/Prefabs/Trees/Tree 1.prefab
  artifactKey: Guid(bfeca167c5c0fd643b792689158055e6) Importer(815301076,1909f56bfc062723c751e8b465ee728b)
Start importing Assets/Prefabs/Trees/Tree 1.prefab using Guid(bfeca167c5c0fd643b792689158055e6) Importer(815301076,1909f56bfc062723c751e8b465ee728b)  -> (artifact id: 'cc6c76c732177ca5db07b237948669cf') in 0.010733 seconds
  Import took 0.013934 seconds .

========================================================================
Received Import Request.
  Time since last request: 2.615064 seconds.
  path: Assets/Prefabs/Trees/Tree 1.prefab
  artifactKey: Guid(bfeca167c5c0fd643b792689158055e6) Importer(815301076,1909f56bfc062723c751e8b465ee728b)
Start importing Assets/Prefabs/Trees/Tree 1.prefab using Guid(bfeca167c5c0fd643b792689158055e6) Importer(815301076,1909f56bfc062723c751e8b465ee728b)  -> (artifact id: '72b85cce68c8a40fdd947ab19167ec85') in 0.013147 seconds
  Import took 0.016526 seconds .

========================================================================
Received Import Request.
  Time since last request: 13.914679 seconds.
  path: Assets/Prefabs/Trees/Tree.prefab
  artifactKey: Guid(bfeca167c5c0fd643b792689158055e6) Importer(815301076,1909f56bfc062723c751e8b465ee728b)
Start importing Assets/Prefabs/Trees/Tree.prefab using Guid(bfeca167c5c0fd643b792689158055e6) Importer(815301076,1909f56bfc062723c751e8b465ee728b)  -> (artifact id: '4388fd5ca282526ef2e444a759257709') in 0.018960 seconds
  Import took 0.022279 seconds .

========================================================================
Received Prepare
Registering precompiled user dll's ...
Registered in 0.028840 seconds.
Begin MonoManager ReloadAssembly
Native extension for WindowsStandalone target not found
Refreshing native plugins compatible for Editor in 0.63 ms, found 1 plugins.
Preloading 0 native plugins for Editor in 0.00 ms.
Invoked RoslynAnalysisRunner static constructor.
RoslynAnalysisRunner will not be running.
RoslynAnalysisRunner has terminated.
Mono: successfully reloaded assembly
- Completed reload, in  0.952 seconds
Platform modules already initialized, skipping
Refreshing native plugins compatible for Editor in 0.50 ms, found 1 plugins.
Preloading 0 native plugins for Editor in 0.00 ms.
Unloading 1959 Unused Serialized files (Serialized files now loaded: 0)
System memory in use before: 93.5 MB.
System memory in use after: 93.4 MB.

Unloading 13 unused Assets to reduce memory usage. Loaded Objects now: 2420.
Total: 2.284800 ms (FindLiveObjects: 0.287700 ms CreateObjectMapping: 0.101400 ms MarkObjects: 1.778800 ms  DeleteObjects: 0.115600 ms)

========================================================================
Received Prepare
Registering precompiled user dll's ...
Registered in 0.001078 seconds.
Begin MonoManager ReloadAssembly
Native extension for WindowsStandalone target not found
Refreshing native plugins compatible for Editor in 0.42 ms, found 1 plugins.
Preloading 0 native plugins for Editor in 0.00 ms.
Invoked RoslynAnalysisRunner static constructor.
RoslynAnalysisRunner will not be running.
RoslynAnalysisRunner has terminated.
Mono: successfully reloaded assembly
- Completed reload, in  0.812 seconds
Platform modules already initialized, skipping
Refreshing native plugins compatible for Editor in 0.44 ms, found 1 plugins.
Preloading 0 native plugins for Editor in 0.00 ms.
Unloading 1959 Unused Serialized files (Serialized files now loaded: 0)
System memory in use before: 93.6 MB.
System memory in use after: 93.6 MB.

Unloading 13 unused Assets to reduce memory usage. Loaded Objects now: 2424.
Total: 2.115500 ms (FindLiveObjects: 0.209200 ms CreateObjectMapping: 0.063400 ms MarkObjects: 1.752600 ms  DeleteObjects: 0.089400 ms)

AssetImportWorkerClient::OnTransportError - code=2 error=End of file
